<?xml version="1.0" encoding="UTF-8"?>
<!-- Generated by org.testng.reporters.JUnitReportReporter -->
<testsuite hostname="LAPTOP-H8IHCR7B" failures="0" tests="1" name="Eleventh_session.Amazon" time="94.376" errors="0" timestamp="2023-09-26T20:45:23 PDT" skipped="0">
  <testcase classname="Eleventh_session.Amazon" name="f" time="94.376"/>
</testsuite> <!-- Eleventh_session.Amazon -->
