<?xml version="1.0" encoding="UTF-8"?>
<!-- Generated by org.testng.reporters.JUnitReportReporter -->
<testsuite hostname="LAPTOP-H8IHCR7B" failures="0" tests="1" name="Tenth_session.signUp" time="7.456" errors="0" timestamp="2023-09-25T13:21:38 PDT" skipped="0">
  <testcase classname="Tenth_session.signUp" name="f" time="7.456"/>
</testsuite> <!-- Tenth_session.signUp -->
