<?xml version="1.0" encoding="UTF-8"?>
<!-- Generated by org.testng.reporters.JUnitReportReporter -->
<testsuite hostname="LAPTOP-H8IHCR7B" failures="0" tests="6" name="Fifteeth_session_B.ExecClass" time="5.003" errors="0" timestamp="2023-10-01T13:00:45 PDT" skipped="0">
  <testcase classname="Fifteeth_session_B.ExecClass" name="f" time="1.994"/>
  <testcase classname="Fifteeth_session_B.ExecClass" name="f" time="1.140"/>
  <testcase classname="Fifteeth_session_B.ExecClass" name="FreeTrial" time="0.679"/>
  <testcase classname="Fifteeth_session_B.ExecClass" name="FreeTrial" time="0.651"/>
  <testcase classname="Fifteeth_session_B.ExecClass" name="errorrhanding" time="0.166"/>
  <testcase classname="Fifteeth_session_B.ExecClass" name="errorrhanding" time="0.373"/>
</testsuite> <!-- Fifteeth_session_B.ExecClass -->
