<?xml version="1.0" encoding="UTF-8"?>
<!-- Generated by org.testng.reporters.JUnitReportReporter -->
<testsuite hostname="LAPTOP-H8IHCR7B" failures="0" tests="2" name="Thirteenth_session_B.ExecutionClass" time="20.421" errors="0" timestamp="2023-09-28T20:11:31 PDT" skipped="0">
  <testcase classname="Thirteenth_session_B.ExecutionClass" name="ReEntercredentials" time="0.997"/>
  <testcase classname="Thirteenth_session_B.ExecutionClass" name="Login" time="19.424"/>
</testsuite> <!-- Thirteenth_session_B.ExecutionClass -->
