<?xml version="1.0" encoding="UTF-8"?>
<!-- Generated by org.testng.reporters.JUnitReportReporter -->
<testsuite hostname="LAPTOP-H8IHCR7B" failures="0" tests="1" name="Eleventh_session.Frames" time="5.701" errors="0" timestamp="2023-09-27T16:20:18 PDT" skipped="0">
  <testcase classname="Eleventh_session.Frames" name="f" time="5.701"/>
</testsuite> <!-- Eleventh_session.Frames -->
