<?xml version="1.0" encoding="UTF-8"?>
<!-- Generated by org.testng.reporters.JUnitReportReporter -->
<testsuite hostname="LAPTOP-H8IHCR7B" failures="0" tests="1" name="Tenth_session.xPath" time="6.036" errors="0" timestamp="2023-09-25T09:04:45 PDT" skipped="0">
  <testcase classname="Tenth_session.xPath" name="f" time="6.036"/>
</testsuite> <!-- Tenth_session.xPath -->
