<?xml version="1.0" encoding="UTF-8"?>
<!-- Generated by org.testng.reporters.JUnitReportReporter -->
<testsuite hostname="LAPTOP-H8IHCR7B" failures="0" tests="1" name="Thirteenth_session.AmazonErrors" time="4.452" errors="0" timestamp="2023-09-28T07:13:14 PDT" skipped="0">
  <testcase classname="Thirteenth_session.AmazonErrors" name="f" time="4.452"/>
</testsuite> <!-- Thirteenth_session.AmazonErrors -->
