<?xml version="1.0" encoding="UTF-8"?>
<!-- Generated by org.testng.reporters.JUnitReportReporter -->
<testsuite hostname="LAPTOP-H8IHCR7B" failures="0" tests="1" name="Twelfth_session.Handles" time="2.356" errors="0" timestamp="2023-09-29T13:55:06 PDT" skipped="0">
  <testcase classname="Twelfth_session.Handles" name="f" time="2.356"/>
</testsuite> <!-- Twelfth_session.Handles -->
