<?xml version="1.0" encoding="UTF-8"?>
<!-- Generated by org.testng.reporters.JUnitReportReporter -->
<testsuite hostname="LAPTOP-H8IHCR7B" failures="0" tests="1" name="Ninth_session.Annotations" time="18.859" errors="0" timestamp="2023-09-16T21:33:36 PDT" skipped="0">
  <testcase classname="Ninth_session.Annotations" name="f" time="18.859"/>
</testsuite> <!-- Ninth_session.Annotations -->
